# JRE version: OpenJDK Runtime Environment Microsoft-8035250 (11.0.20+8) (build 11.0.20+8-LTS)
# Java VM: OpenJDK 64-Bit Server VM Microsoft-8035250 (11.0.20+8-LTS, mixed mode, tiered, compressed oops, g1 gc, windows-amd64)
Heap:
 garbage-first heap   total 131072K, used 49832K [0x0000000080000000, 0x0000000100000000)
  region size 1024K, 31 young (31744K), 3 survivors (3072K)
 Metaspace       used 34552K, capacity 35344K, committed 35376K, reserved 546816K
  class space    used 4420K, capacity 4711K, committed 4736K, reserved 516096K
GC Heap History (16 events):
Event: 7.971 GC heap before
{Heap before GC invocations=0 (full 0):
 garbage-first heap   total 131072K, used 27648K [0x0000000080000000, 0x0000000100000000)
  region size 1024K, 24 young (24576K), 0 survivors (0K)
 Metaspace       used 9776K, capacity 9968K, committed 10112K, reserved 526336K
  class space    used 994K, capacity 1069K, committed 1152K, reserved 516096K
}
Event: 7.977 GC heap after
{Heap after GC invocations=1 (full 0):
 garbage-first heap   total 131072K, used 10240K [0x0000000080000000, 0x0000000100000000)
  region size 1024K, 3 young (3072K), 3 survivors (3072K)
 Metaspace       used 9776K, capacity 9968K, committed 10112K, reserved 526336K
  class space    used 994K, capacity 1069K, committed 1152K, reserved 516096K
}
Event: 50.990 GC heap before
{Heap before GC invocations=1 (full 0):
 garbage-first heap   total 131072K, used 86016K [0x0000000080000000, 0x0000000100000000)
  region size 1024K, 76 young (77824K), 3 survivors (3072K)
 Metaspace       used 19153K, capacity 19539K, committed 19840K, reserved 534528K
  class space    used 2188K, capacity 2341K, committed 2432K, reserved 516096K
}
Event: 51.590 GC heap after
{Heap after GC invocations=2 (full 0):
 garbage-first heap   total 131072K, used 18216K [0x0000000080000000, 0x0000000100000000)
  region size 1024K, 10 young (10240K), 10 survivors (10240K)
 Metaspace       used 19153K, capacity 19539K, committed 19840K, reserved 534528K
  class space    used 2188K, capacity 2341K, committed 2432K, reserved 516096K
}
Event: 53.882 GC heap before
{Heap before GC invocations=2 (full 0):
 garbage-first heap   total 131072K, used 19240K [0x0000000080000000, 0x0000000100000000)
  region size 1024K, 11 young (11264K), 10 survivors (10240K)
 Metaspace       used 19364K, capacity 19748K, committed 19840K, reserved 534528K
  class space    used 2208K, capacity 2346K, committed 2432K, reserved 516096K
}
Event: 54.010 GC heap after
{Heap after GC invocations=3 (full 0):
 garbage-first heap   total 131072K, used 18603K [0x0000000080000000, 0x0000000100000000)
  region size 1024K, 1 young (1024K), 1 survivors (1024K)
 Metaspace       used 19364K, capacity 19748K, committed 19840K, reserved 534528K
  class space    used 2208K, capacity 2346K, committed 2432K, reserved 516096K
}
Event: 60.112 GC heap before
{Heap before GC invocations=3 (full 0):
 garbage-first heap   total 131072K, used 24747K [0x0000000080000000, 0x0000000100000000)
  region size 1024K, 8 young (8192K), 1 survivors (1024K)
 Metaspace       used 20524K, capacity 20953K, committed 20992K, reserved 534528K
  class space    used 2388K, capacity 2542K, committed 2560K, reserved 516096K
}
Event: 60.119 GC heap after
{Heap after GC invocations=4 (full 0):
 garbage-first heap   total 131072K, used 18378K [0x0000000080000000, 0x0000000100000000)
  region size 1024K, 1 young (1024K), 1 survivors (1024K)
 Metaspace       used 20524K, capacity 20953K, committed 20992K, reserved 534528K
  class space    used 2388K, capacity 2542K, committed 2560K, reserved 516096K
}
Event: 60.477 GC heap before
{Heap before GC invocations=4 (full 0):
 garbage-first heap   total 131072K, used 20426K [0x0000000080000000, 0x0000000100000000)
  region size 1024K, 4 young (4096K), 1 survivors (1024K)
 Metaspace       used 20705K, capacity 21147K, committed 21296K, reserved 536576K
  class space    used 2423K, capacity 2607K, committed 2688K, reserved 516096K
}
Event: 60.493 GC heap after
{Heap after GC invocations=5 (full 0):
 garbage-first heap   total 131072K, used 18445K [0x0000000080000000, 0x0000000100000000)
  region size 1024K, 1 young (1024K), 1 survivors (1024K)
 Metaspace       used 20705K, capacity 21147K, committed 21296K, reserved 536576K
  class space    used 2423K, capacity 2607K, committed 2688K, reserved 516096K
}
Event: 68.860 GC heap before
{Heap before GC invocations=6 (full 0):
 garbage-first heap   total 131072K, used 46093K [0x0000000080000000, 0x0000000100000000)
  region size 1024K, 28 young (28672K), 1 survivors (1024K)
 Metaspace       used 23842K, capacity 24454K, committed 24624K, reserved 538624K
  class space    used 2904K, capacity 3138K, committed 3200K, reserved 516096K
}
Event: 68.870 GC heap after
{Heap after GC invocations=7 (full 0):
 garbage-first heap   total 131072K, used 19452K [0x0000000080000000, 0x0000000100000000)
  region size 1024K, 2 young (2048K), 2 survivors (2048K)
 Metaspace       used 23842K, capacity 24454K, committed 24624K, reserved 538624K
  class space    used 2904K, capacity 3138K, committed 3200K, reserved 516096K
}
Event: 86.367 GC heap before
{Heap before GC invocations=7 (full 0):
 garbage-first heap   total 131072K, used 62460K [0x0000000080000000, 0x0000000100000000)
  region size 1024K, 44 young (45056K), 2 survivors (2048K)
 Metaspace       used 27798K, capacity 28481K, committed 28592K, reserved 542720K
  class space    used 3529K, capacity 3805K, committed 3840K, reserved 516096K
}
Event: 86.492 GC heap after
{Heap after GC invocations=8 (full 0):
 garbage-first heap   total 131072K, used 21224K [0x0000000080000000, 0x0000000100000000)
  region size 1024K, 4 young (4096K), 4 survivors (4096K)
 Metaspace       used 27798K, capacity 28481K, committed 28592K, reserved 542720K
  class space    used 3529K, capacity 3805K, committed 3840K, reserved 516096K
}
Event: 94.377 GC heap before
{Heap before GC invocations=8 (full 0):
 garbage-first heap   total 131072K, used 53992K [0x0000000080000000, 0x0000000100000000)
  region size 1024K, 36 young (36864K), 4 survivors (4096K)
 Metaspace       used 30384K, capacity 31135K, committed 31408K, reserved 544768K
  class space    used 3938K, capacity 4244K, committed 4352K, reserved 516096K
}
Event: 94.423 GC heap after
{Heap after GC invocations=9 (full 0):
 garbage-first heap   total 131072K, used 22184K [0x0000000080000000, 0x0000000100000000)
  region size 1024K, 3 young (3072K), 3 survivors (3072K)
 Metaspace       used 30384K, capacity 31135K, committed 31408K, reserved 544768K
  class space    used 3938K, capacity 4244K, committed 4352K, reserved 516096K
}

