# JRE version: OpenJDK Runtime Environment Microsoft-8035250 (11.0.20+8) (build 11.0.20+8-LTS)
# Java VM: OpenJDK 64-Bit Server VM Microsoft-8035250 (11.0.20+8-LTS, mixed mode, tiered, compressed oops, g1 gc, windows-amd64)
Heap:
 garbage-first heap   total 131072K, used 40369K [0x0000000080000000, 0x0000000100000000)
  region size 1024K, 22 young (22528K), 3 survivors (3072K)
 Metaspace       used 33884K, capacity 34683K, committed 34944K, reserved 546816K
  class space    used 4379K, capacity 4708K, committed 4736K, reserved 516096K
GC Heap History (14 events):
Event: 16.243 GC heap before
{Heap before GC invocations=0 (full 0):
 garbage-first heap   total 131072K, used 28672K [0x0000000080000000, 0x0000000100000000)
  region size 1024K, 24 young (24576K), 0 survivors (0K)
 Metaspace       used 9830K, capacity 10020K, committed 10112K, reserved 526336K
  class space    used 1001K, capacity 1069K, committed 1152K, reserved 516096K
}
Event: 16.250 GC heap after
{Heap after GC invocations=1 (full 0):
 garbage-first heap   total 131072K, used 10345K [0x0000000080000000, 0x0000000100000000)
  region size 1024K, 3 young (3072K), 3 survivors (3072K)
 Metaspace       used 9830K, capacity 10020K, committed 10112K, reserved 526336K
  class space    used 1001K, capacity 1069K, committed 1152K, reserved 516096K
}
Event: 74.214 GC heap before
{Heap before GC invocations=1 (full 0):
 garbage-first heap   total 131072K, used 85097K [0x0000000080000000, 0x0000000100000000)
  region size 1024K, 76 young (77824K), 3 survivors (3072K)
 Metaspace       used 19202K, capacity 19529K, committed 19840K, reserved 534528K
  class space    used 2192K, capacity 2341K, committed 2432K, reserved 516096K
}
Event: 74.434 GC heap after
{Heap after GC invocations=2 (full 0):
 garbage-first heap   total 131072K, used 17925K [0x0000000080000000, 0x0000000100000000)
  region size 1024K, 10 young (10240K), 10 survivors (10240K)
 Metaspace       used 19202K, capacity 19529K, committed 19840K, reserved 534528K
  class space    used 2192K, capacity 2341K, committed 2432K, reserved 516096K
}
Event: 78.257 GC heap before
{Heap before GC invocations=2 (full 0):
 garbage-first heap   total 131072K, used 26117K [0x0000000080000000, 0x0000000100000000)
  region size 1024K, 19 young (19456K), 10 survivors (10240K)
 Metaspace       used 20571K, capacity 21005K, committed 21248K, reserved 536576K
  class space    used 2391K, capacity 2542K, committed 2560K, reserved 516096K
}
Event: 78.307 GC heap after
{Heap after GC invocations=3 (full 0):
 garbage-first heap   total 131072K, used 18247K [0x0000000080000000, 0x0000000100000000)
  region size 1024K, 1 young (1024K), 1 survivors (1024K)
 Metaspace       used 20571K, capacity 21005K, committed 21248K, reserved 536576K
  class space    used 2391K, capacity 2542K, committed 2560K, reserved 516096K
}
Event: 94.366 GC heap before
{Heap before GC invocations=4 (full 0):
 garbage-first heap   total 131072K, used 59207K [0x0000000080000000, 0x0000000100000000)
  region size 1024K, 42 young (43008K), 1 survivors (1024K)
 Metaspace       used 24535K, capacity 25159K, committed 25344K, reserved 538624K
  class space    used 3026K, capacity 3271K, committed 3328K, reserved 516096K
}
Event: 94.511 GC heap after
{Heap after GC invocations=5 (full 0):
 garbage-first heap   total 131072K, used 19352K [0x0000000080000000, 0x0000000100000000)
  region size 1024K, 2 young (2048K), 2 survivors (2048K)
 Metaspace       used 24535K, capacity 25159K, committed 25344K, reserved 538624K
  class space    used 3026K, capacity 3271K, committed 3328K, reserved 516096K
}
Event: 98.175 GC heap before
{Heap before GC invocations=5 (full 0):
 garbage-first heap   total 131072K, used 34712K [0x0000000080000000, 0x0000000100000000)
  region size 1024K, 18 young (18432K), 2 survivors (2048K)
 Metaspace       used 25809K, capacity 26466K, committed 26496K, reserved 540672K
  class space    used 3228K, capacity 3451K, committed 3456K, reserved 516096K
}
Event: 98.182 GC heap after
{Heap after GC invocations=6 (full 0):
 garbage-first heap   total 131072K, used 20103K [0x0000000080000000, 0x0000000100000000)
  region size 1024K, 3 young (3072K), 3 survivors (3072K)
 Metaspace       used 25809K, capacity 26466K, committed 26496K, reserved 540672K
  class space    used 3228K, capacity 3451K, committed 3456K, reserved 516096K
}
Event: 104.042 GC heap before
{Heap before GC invocations=6 (full 0):
 garbage-first heap   total 131072K, used 42631K [0x0000000080000000, 0x0000000100000000)
  region size 1024K, 25 young (25600K), 3 survivors (3072K)
 Metaspace       used 28246K, capacity 28900K, committed 29056K, reserved 542720K
  class space    used 3600K, capacity 3842K, committed 3968K, reserved 516096K
}
Event: 104.048 GC heap after
{Heap after GC invocations=7 (full 0):
 garbage-first heap   total 131072K, used 21096K [0x0000000080000000, 0x0000000100000000)
  region size 1024K, 2 young (2048K), 2 survivors (2048K)
 Metaspace       used 28246K, capacity 28900K, committed 29056K, reserved 542720K
  class space    used 3600K, capacity 3842K, committed 3968K, reserved 516096K
}
Event: 111.231 GC heap before
{Heap before GC invocations=7 (full 0):
 garbage-first heap   total 131072K, used 52840K [0x0000000080000000, 0x0000000100000000)
  region size 1024K, 33 young (33792K), 2 survivors (2048K)
 Metaspace       used 31027K, capacity 31723K, committed 32000K, reserved 544768K
  class space    used 4027K, capacity 4316K, committed 4352K, reserved 516096K
}
Event: 111.276 GC heap after
{Heap after GC invocations=8 (full 0):
 garbage-first heap   total 131072K, used 21937K [0x0000000080000000, 0x0000000100000000)
  region size 1024K, 3 young (3072K), 3 survivors (3072K)
 Metaspace       used 31027K, capacity 31723K, committed 32000K, reserved 544768K
  class space    used 4027K, capacity 4316K, committed 4352K, reserved 516096K
}

