# JRE version: OpenJDK Runtime Environment Microsoft-8035250 (11.0.20+8) (build 11.0.20+8-LTS)
# Java VM: OpenJDK 64-Bit Server VM Microsoft-8035250 (11.0.20+8-LTS, mixed mode, tiered, compressed oops, g1 gc, windows-amd64)
Heap:
 garbage-first heap   total 131072K, used 57475K [0x0000000080000000, 0x0000000100000000)
  region size 1024K, 38 young (38912K), 2 survivors (2048K)
 Metaspace       used 33902K, capacity 34680K, committed 34864K, reserved 546816K
  class space    used 4388K, capacity 4708K, committed 4736K, reserved 516096K
GC Heap History (12 events):
Event: 22.772 GC heap before
{Heap before GC invocations=0 (full 0):
 garbage-first heap   total 131072K, used 27648K [0x0000000080000000, 0x0000000100000000)
  region size 1024K, 24 young (24576K), 0 survivors (0K)
 Metaspace       used 9849K, capacity 10016K, committed 10112K, reserved 526336K
  class space    used 1002K, capacity 1069K, committed 1152K, reserved 516096K
}
Event: 22.809 GC heap after
{Heap after GC invocations=1 (full 0):
 garbage-first heap   total 131072K, used 10447K [0x0000000080000000, 0x0000000100000000)
  region size 1024K, 3 young (3072K), 3 survivors (3072K)
 Metaspace       used 9849K, capacity 10016K, committed 10112K, reserved 526336K
  class space    used 1002K, capacity 1069K, committed 1152K, reserved 516096K
}
Event: 65.807 GC heap before
{Heap before GC invocations=1 (full 0):
 garbage-first heap   total 131072K, used 86223K [0x0000000080000000, 0x0000000100000000)
  region size 1024K, 76 young (77824K), 3 survivors (3072K)
 Metaspace       used 18984K, capacity 19322K, committed 19456K, reserved 534528K
  class space    used 2167K, capacity 2276K, committed 2304K, reserved 516096K
}
Event: 66.090 GC heap after
{Heap after GC invocations=2 (full 0):
 garbage-first heap   total 131072K, used 18128K [0x0000000080000000, 0x0000000100000000)
  region size 1024K, 10 young (10240K), 10 survivors (10240K)
 Metaspace       used 18984K, capacity 19322K, committed 19456K, reserved 534528K
  class space    used 2167K, capacity 2276K, committed 2304K, reserved 516096K
}
Event: 70.361 GC heap before
{Heap before GC invocations=2 (full 0):
 garbage-first heap   total 131072K, used 28368K [0x0000000080000000, 0x0000000100000000)
  region size 1024K, 22 young (22528K), 10 survivors (10240K)
 Metaspace       used 20657K, capacity 21126K, committed 21296K, reserved 536576K
  class space    used 2412K, capacity 2607K, committed 2688K, reserved 516096K
}
Event: 70.386 GC heap after
{Heap after GC invocations=3 (full 0):
 garbage-first heap   total 131072K, used 18367K [0x0000000080000000, 0x0000000100000000)
  region size 1024K, 1 young (1024K), 1 survivors (1024K)
 Metaspace       used 20657K, capacity 21126K, committed 21296K, reserved 536576K
  class space    used 2412K, capacity 2607K, committed 2688K, reserved 516096K
}
Event: 90.122 GC heap before
{Heap before GC invocations=4 (full 0):
 garbage-first heap   total 131072K, used 61375K [0x0000000080000000, 0x0000000100000000)
  region size 1024K, 44 young (45056K), 1 survivors (1024K)
 Metaspace       used 24599K, capacity 25175K, committed 25264K, reserved 538624K
  class space    used 3049K, capacity 3277K, committed 3328K, reserved 516096K
}
Event: 90.268 GC heap after
{Heap after GC invocations=5 (full 0):
 garbage-first heap   total 131072K, used 19661K [0x0000000080000000, 0x0000000100000000)
  region size 1024K, 2 young (2048K), 2 survivors (2048K)
 Metaspace       used 24599K, capacity 25175K, committed 25264K, reserved 538624K
  class space    used 3049K, capacity 3277K, committed 3328K, reserved 516096K
}
Event: 93.400 GC heap before
{Heap before GC invocations=5 (full 0):
 garbage-first heap   total 131072K, used 42189K [0x0000000080000000, 0x0000000100000000)
  region size 1024K, 24 young (24576K), 2 survivors (2048K)
 Metaspace       used 26861K, capacity 27422K, committed 27696K, reserved 540672K
  class space    used 3413K, capacity 3623K, committed 3712K, reserved 516096K
}
Event: 93.408 GC heap after
{Heap after GC invocations=6 (full 0):
 garbage-first heap   total 131072K, used 20814K [0x0000000080000000, 0x0000000100000000)
  region size 1024K, 3 young (3072K), 3 survivors (3072K)
 Metaspace       used 26861K, capacity 27422K, committed 27696K, reserved 540672K
  class space    used 3413K, capacity 3623K, committed 3712K, reserved 516096K
}
Event: 99.766 GC heap before
{Heap before GC invocations=6 (full 0):
 garbage-first heap   total 131072K, used 50510K [0x0000000080000000, 0x0000000100000000)
  region size 1024K, 32 young (32768K), 3 survivors (3072K)
 Metaspace       used 29599K, capacity 30249K, committed 30384K, reserved 542720K
  class space    used 3820K, capacity 4059K, committed 4096K, reserved 516096K
}
Event: 99.777 GC heap after
{Heap after GC invocations=7 (full 0):
 garbage-first heap   total 131072K, used 21635K [0x0000000080000000, 0x0000000100000000)
  region size 1024K, 2 young (2048K), 2 survivors (2048K)
 Metaspace       used 29599K, capacity 30249K, committed 30384K, reserved 542720K
  class space    used 3820K, capacity 4059K, committed 4096K, reserved 516096K
}

