# JRE version: OpenJDK Runtime Environment Microsoft-8035250 (11.0.20+8) (build 11.0.20+8-LTS)
# Java VM: OpenJDK 64-Bit Server VM Microsoft-8035250 (11.0.20+8-LTS, mixed mode, tiered, compressed oops, g1 gc, windows-amd64)
Heap:
 garbage-first heap   total 131072K, used 56016K [0x0000000080000000, 0x0000000100000000)
  region size 1024K, 39 young (39936K), 4 survivors (4096K)
 Metaspace       used 32486K, capacity 33198K, committed 33536K, reserved 546816K
  class space    used 4234K, capacity 4510K, committed 4608K, reserved 516096K
GC Heap History (10 events):
Event: 14.418 GC heap before
{Heap before GC invocations=0 (full 0):
 garbage-first heap   total 131072K, used 27648K [0x0000000080000000, 0x0000000100000000)
  region size 1024K, 24 young (24576K), 0 survivors (0K)
 Metaspace       used 9804K, capacity 10020K, committed 10112K, reserved 526336K
  class space    used 1001K, capacity 1069K, committed 1152K, reserved 516096K
}
Event: 14.424 GC heap after
{Heap after GC invocations=1 (full 0):
 garbage-first heap   total 131072K, used 10712K [0x0000000080000000, 0x0000000100000000)
  region size 1024K, 3 young (3072K), 3 survivors (3072K)
 Metaspace       used 9804K, capacity 10020K, committed 10112K, reserved 526336K
  class space    used 1001K, capacity 1069K, committed 1152K, reserved 516096K
}
Event: 65.503 GC heap before
{Heap before GC invocations=1 (full 0):
 garbage-first heap   total 131072K, used 85464K [0x0000000080000000, 0x0000000100000000)
  region size 1024K, 76 young (77824K), 3 survivors (3072K)
 Metaspace       used 19115K, capacity 19489K, committed 19840K, reserved 534528K
  class space    used 2181K, capacity 2308K, committed 2432K, reserved 516096K
}
Event: 65.682 GC heap after
{Heap after GC invocations=2 (full 0):
 garbage-first heap   total 131072K, used 17592K [0x0000000080000000, 0x0000000100000000)
  region size 1024K, 10 young (10240K), 10 survivors (10240K)
 Metaspace       used 19115K, capacity 19489K, committed 19840K, reserved 534528K
  class space    used 2181K, capacity 2308K, committed 2432K, reserved 516096K
}
Event: 68.355 GC heap before
{Heap before GC invocations=2 (full 0):
 garbage-first heap   total 131072K, used 25784K [0x0000000080000000, 0x0000000100000000)
  region size 1024K, 19 young (19456K), 10 survivors (10240K)
 Metaspace       used 20538K, capacity 21005K, committed 21248K, reserved 536576K
  class space    used 2390K, capacity 2542K, committed 2560K, reserved 516096K
}
Event: 68.386 GC heap after
{Heap after GC invocations=3 (full 0):
 garbage-first heap   total 131072K, used 18424K [0x0000000080000000, 0x0000000100000000)
  region size 1024K, 1 young (1024K), 1 survivors (1024K)
 Metaspace       used 20538K, capacity 21005K, committed 21248K, reserved 536576K
  class space    used 2390K, capacity 2542K, committed 2560K, reserved 516096K
}
Event: 90.772 GC heap before
{Heap before GC invocations=4 (full 0):
 garbage-first heap   total 131072K, used 67576K [0x0000000080000000, 0x0000000100000000)
  region size 1024K, 49 young (50176K), 1 survivors (1024K)
 Metaspace       used 24950K, capacity 25489K, committed 25600K, reserved 538624K
  class space    used 3091K, capacity 3316K, committed 3328K, reserved 516096K
}
Event: 90.890 GC heap after
{Heap after GC invocations=5 (full 0):
 garbage-first heap   total 131072K, used 19895K [0x0000000080000000, 0x0000000100000000)
  region size 1024K, 3 young (3072K), 3 survivors (3072K)
 Metaspace       used 24950K, capacity 25489K, committed 25600K, reserved 538624K
  class space    used 3091K, capacity 3316K, committed 3328K, reserved 516096K
}
Event: 103.341 GC heap before
{Heap before GC invocations=5 (full 0):
 garbage-first heap   total 131072K, used 63927K [0x0000000080000000, 0x0000000100000000)
  region size 1024K, 46 young (47104K), 3 survivors (3072K)
 Metaspace       used 28854K, capacity 29595K, committed 29952K, reserved 542720K
  class space    used 3707K, capacity 3990K, committed 4096K, reserved 516096K
}
Event: 103.378 GC heap after
{Heap after GC invocations=6 (full 0):
 garbage-first heap   total 131072K, used 21200K [0x0000000080000000, 0x0000000100000000)
  region size 1024K, 4 young (4096K), 4 survivors (4096K)
 Metaspace       used 28854K, capacity 29595K, committed 29952K, reserved 542720K
  class space    used 3707K, capacity 3990K, committed 4096K, reserved 516096K
}

